<?xml version="1.0" encoding="UTF-8"?>
<!-- Generated by org.testng.reporters.JUnitReportReporter -->
<testsuite hostname="IndudharaGowdaacer" failures="0" tests="1" name="grids.Demo1" time="37.182" errors="0" timestamp="27 Feb 2020 11:08:17 GMT">
  <testcase classname="grids.Demo1" name="test_Compatibility" time="37.182"/>
</testsuite> <!-- grids.Demo1 -->
